2025-11-08 18:55 [JavaFX Application Thread] BDConexion ERROR - Error al crear la conexión a la base de datos
org.postgresql.util.PSQLException: El intento de conexión falló.
	at org.postgresql.core.v3.ConnectionFactoryImpl.openConnectionImpl(ConnectionFactoryImpl.java:385)
	at org.postgresql.core.ConnectionFactory.openConnection(ConnectionFactory.java:57)
	at org.postgresql.jdbc.PgConnection.<init>(PgConnection.java:279)
	at org.postgresql.Driver.makeConnection(Driver.java:448)
	at org.postgresql.Driver.connect(Driver.java:298)
	at java.sql/java.sql.DriverManager.getConnection(DriverManager.java:683)
	at java.sql/java.sql.DriverManager.getConnection(DriverManager.java:230)
	at colectivo.conexion.BDConexion.getConnection(BDConexion.java:70)
	at colectivo.dao.postgresql.ParadaPostgresqlDAO.buscarTodos(ParadaPostgresqlDAO.java:71)
	at colectivo.servicio.ParadaServicioImplementacion.buscarParadas(ParadaServicioImplementacion.java:40)
	at colectivo.logica.EmpresaColectivos.<init>(EmpresaColectivos.java:40)
	at colectivo.controlador.Coordinador.setCiudadActual(Coordinador.java:170)
	at colectivo.interfaz.VentanaInicio.manejarInicio(VentanaInicio.java:235)
	at colectivo.interfaz.VentanaInicio.lambda$5(VentanaInicio.java:151)
	at javafx.base@21.0.9/com.sun.javafx.event.CompositeEventHandler.dispatchBubblingEvent(CompositeEventHandler.java:86)
	at javafx.base@21.0.9/com.sun.javafx.event.EventHandlerManager.dispatchBubblingEvent(EventHandlerManager.java:232)
	at javafx.base@21.0.9/com.sun.javafx.event.EventHandlerManager.dispatchBubblingEvent(EventHandlerManager.java:189)
	at javafx.base@21.0.9/com.sun.javafx.event.CompositeEventDispatcher.dispatchBubblingEvent(CompositeEventDispatcher.java:59)
	at javafx.base@21.0.9/com.sun.javafx.event.BasicEventDispatcher.dispatchEvent(BasicEventDispatcher.java:58)
	at javafx.base@21.0.9/com.sun.javafx.event.EventDispatchChainImpl.dispatchEvent(EventDispatchChainImpl.java:114)
	at javafx.base@21.0.9/com.sun.javafx.event.BasicEventDispatcher.dispatchEvent(BasicEventDispatcher.java:56)
	at javafx.base@21.0.9/com.sun.javafx.event.EventDispatchChainImpl.dispatchEvent(EventDispatchChainImpl.java:114)
	at javafx.base@21.0.9/com.sun.javafx.event.BasicEventDispatcher.dispatchEvent(BasicEventDispatcher.java:56)
	at javafx.base@21.0.9/com.sun.javafx.event.EventDispatchChainImpl.dispatchEvent(EventDispatchChainImpl.java:114)
	at javafx.base@21.0.9/com.sun.javafx.event.EventUtil.fireEventImpl(EventUtil.java:74)
	at javafx.base@21.0.9/com.sun.javafx.event.EventUtil.fireEvent(EventUtil.java:49)
	at javafx.base@21.0.9/javafx.event.Event.fireEvent(Event.java:198)
	at javafx.graphics@21.0.9/javafx.scene.Node.fireEvent(Node.java:8875)
	at javafx.controls@21.0.9/javafx.scene.control.Button.fire(Button.java:203)
	at javafx.controls@21.0.9/com.sun.javafx.scene.control.behavior.ButtonBehavior.mouseReleased(ButtonBehavior.java:207)
	at javafx.controls@21.0.9/com.sun.javafx.scene.control.inputmap.InputMap.handle(InputMap.java:274)
	at javafx.base@21.0.9/com.sun.javafx.event.CompositeEventHandler$NormalEventHandlerRecord.handleBubblingEvent(CompositeEventHandler.java:247)
	at javafx.base@21.0.9/com.sun.javafx.event.CompositeEventHandler.dispatchBubblingEvent(CompositeEventHandler.java:80)
	at javafx.base@21.0.9/com.sun.javafx.event.EventHandlerManager.dispatchBubblingEvent(EventHandlerManager.java:232)
	at javafx.base@21.0.9/com.sun.javafx.event.EventHandlerManager.dispatchBubblingEvent(EventHandlerManager.java:189)
	at javafx.base@21.0.9/com.sun.javafx.event.CompositeEventDispatcher.dispatchBubblingEvent(CompositeEventDispatcher.java:59)
	at javafx.base@21.0.9/com.sun.javafx.event.BasicEventDispatcher.dispatchEvent(BasicEventDispatcher.java:58)
	at javafx.base@21.0.9/com.sun.javafx.event.EventDispatchChainImpl.dispatchEvent(EventDispatchChainImpl.java:114)
	at javafx.base@21.0.9/com.sun.javafx.event.BasicEventDispatcher.dispatchEvent(BasicEventDispatcher.java:56)
	at javafx.base@21.0.9/com.sun.javafx.event.EventDispatchChainImpl.dispatchEvent(EventDispatchChainImpl.java:114)
	at javafx.base@21.0.9/com.sun.javafx.event.BasicEventDispatcher.dispatchEvent(BasicEventDispatcher.java:56)
	at javafx.base@21.0.9/com.sun.javafx.event.EventDispatchChainImpl.dispatchEvent(EventDispatchChainImpl.java:114)
	at javafx.base@21.0.9/com.sun.javafx.event.EventUtil.fireEventImpl(EventUtil.java:74)
	at javafx.base@21.0.9/com.sun.javafx.event.EventUtil.fireEvent(EventUtil.java:54)
	at javafx.base@21.0.9/javafx.event.Event.fireEvent(Event.java:198)
	at javafx.graphics@21.0.9/javafx.scene.Scene$MouseHandler.process(Scene.java:3984)
	at javafx.graphics@21.0.9/javafx.scene.Scene.processMouseEvent(Scene.java:1890)
	at javafx.graphics@21.0.9/javafx.scene.Scene$ScenePeerListener.mouseEvent(Scene.java:2708)
	at javafx.graphics@21.0.9/com.sun.javafx.tk.quantum.GlassViewEventHandler$MouseEventNotification.run(GlassViewEventHandler.java:411)
	at javafx.graphics@21.0.9/com.sun.javafx.tk.quantum.GlassViewEventHandler$MouseEventNotification.run(GlassViewEventHandler.java:301)
	at java.base/java.security.AccessController.doPrivileged(AccessController.java:400)
	at javafx.graphics@21.0.9/com.sun.javafx.tk.quantum.GlassViewEventHandler.lambda$handleMouseEvent$2(GlassViewEventHandler.java:450)
	at javafx.graphics@21.0.9/com.sun.javafx.tk.quantum.QuantumToolkit.runWithoutRenderLock(QuantumToolkit.java:424)
	at javafx.graphics@21.0.9/com.sun.javafx.tk.quantum.GlassViewEventHandler.handleMouseEvent(GlassViewEventHandler.java:449)
	at javafx.graphics@21.0.9/com.sun.glass.ui.View.handleMouseEvent(View.java:551)
	at javafx.graphics@21.0.9/com.sun.glass.ui.View.notifyMouse(View.java:937)
	at javafx.graphics@21.0.9/com.sun.glass.ui.win.WinApplication._runLoop(Native Method)
	at javafx.graphics@21.0.9/com.sun.glass.ui.win.WinApplication.lambda$runLoop$3(WinApplication.java:185)
	at java.base/java.lang.Thread.run(Thread.java:1583)
Caused by: java.net.UnknownHostException: pgs.fi.mdn.unp.edu.ar
	at java.base/sun.nio.ch.NioSocketImpl.connect(NioSocketImpl.java:567)
	at java.base/java.net.SocksSocketImpl.connect(SocksSocketImpl.java:327)
	at java.base/java.net.Socket.connect(Socket.java:751)
	at org.postgresql.core.PGStream.createSocket(PGStream.java:261)
	at org.postgresql.core.PGStream.<init>(PGStream.java:122)
	at org.postgresql.core.v3.ConnectionFactoryImpl.tryConnect(ConnectionFactoryImpl.java:146)
	at org.postgresql.core.v3.ConnectionFactoryImpl.openConnectionImpl(ConnectionFactoryImpl.java:289)
	... 58 common frames omitted
2025-11-08 18:55 [Thread-3] BDConexion WARN - No hay conexion para cerrar
2025-11-08 18:58 [JavaFX Application Thread] BDConexion INFO - Conexion establecida a jdbc:postgresql://pgs.fi.mdn.unp.edu.ar:30000/bd1 (user=estudiante)
2025-11-08 18:58 [JavaFX Application Thread] ParadaDAO DEBUG - Schema elegido
2025-11-08 18:58 [JavaFX Application Thread] ParadaDAO DEBUG - Consulta realizada para paradas
2025-11-08 18:58 [JavaFX Application Thread] ParadaDAO DEBUG - ResultSet de paradas cerrado
2025-11-08 18:58 [JavaFX Application Thread] ParadaDAO DEBUG - PreparedStatement de paradas cerrado
2025-11-08 18:58 [JavaFX Application Thread] ParadaDAO DEBUG - Statement de schema cerrado
2025-11-08 18:58 [JavaFX Application Thread] ParadaDAO INFO - Paradas cargadas
2025-11-08 18:58 [JavaFX Application Thread] ParadaDAO INFO - Paradas cargadas
2025-11-08 18:58 [JavaFX Application Thread] LineaDAO DEBUG - Schema elegido
2025-11-08 18:58 [JavaFX Application Thread] LineaDAO DEBUG - Consulta realizada para frecuencias de cada linea
2025-11-08 18:58 [JavaFX Application Thread] LineaDAO INFO - Frecuencias de las lineas cargadas
2025-11-08 18:58 [JavaFX Application Thread] LineaDAO DEBUG - Consulta realizada para secuencia de cada linea
2025-11-08 18:58 [JavaFX Application Thread] LineaDAO INFO - Secuencias de cada linea cargadas
2025-11-08 18:58 [JavaFX Application Thread] LineaDAO DEBUG - Consulta realizada para lineas
2025-11-08 18:58 [JavaFX Application Thread] LineaDAO DEBUG - ResultSet de lineas cerrado
2025-11-08 18:58 [JavaFX Application Thread] LineaDAO DEBUG - PreparedStatement de lineas cerrado
2025-11-08 18:58 [JavaFX Application Thread] LineaDAO DEBUG - Statement de schema cerrado
2025-11-08 18:58 [JavaFX Application Thread] LineaDAO INFO - Lineas cargadas
2025-11-08 18:58 [JavaFX Application Thread] ParadaDAO INFO - Paradas cargadas
2025-11-08 18:58 [JavaFX Application Thread] TramoDAO DEBUG - Schema elegido
2025-11-08 18:58 [JavaFX Application Thread] TramoDAO DEBUG - Consulta realizada para tramos
2025-11-08 18:58 [JavaFX Application Thread] TramoDAO DEBUG - ResultSet de tramos cerrado
2025-11-08 18:58 [JavaFX Application Thread] TramoDAO DEBUG - PreparedStatement de tramos cerrado
2025-11-08 18:58 [JavaFX Application Thread] TramoDAO DEBUG - Statement de tramos cerrado
2025-11-08 18:58 [JavaFX Application Thread] TramoDAO INFO - Tramos cargados
2025-11-08 18:59 [Thread-4] Logica DEBUG - Recorridos calculados
2025-11-08 19:00 [Thread-5] Logica DEBUG - Recorridos calculados
2025-11-08 19:00 [JavaFX Application Thread] ParadaDAO DEBUG - Schema elegido
2025-11-08 19:00 [JavaFX Application Thread] ParadaDAO DEBUG - Consulta realizada para paradas
2025-11-08 19:00 [JavaFX Application Thread] ParadaDAO DEBUG - ResultSet de paradas cerrado
2025-11-08 19:00 [JavaFX Application Thread] ParadaDAO DEBUG - PreparedStatement de paradas cerrado
2025-11-08 19:00 [JavaFX Application Thread] ParadaDAO DEBUG - Statement de schema cerrado
2025-11-08 19:00 [JavaFX Application Thread] ParadaDAO INFO - Paradas cargadas
2025-11-08 19:00 [JavaFX Application Thread] ParadaDAO INFO - Paradas cargadas
2025-11-08 19:00 [JavaFX Application Thread] LineaDAO DEBUG - Schema elegido
2025-11-08 19:00 [JavaFX Application Thread] LineaDAO DEBUG - Consulta realizada para frecuencias de cada linea
2025-11-08 19:00 [JavaFX Application Thread] LineaDAO INFO - Frecuencias de las lineas cargadas
2025-11-08 19:00 [JavaFX Application Thread] LineaDAO DEBUG - Consulta realizada para secuencia de cada linea
2025-11-08 19:00 [JavaFX Application Thread] LineaDAO INFO - Secuencias de cada linea cargadas
2025-11-08 19:00 [JavaFX Application Thread] LineaDAO DEBUG - Consulta realizada para lineas
2025-11-08 19:00 [JavaFX Application Thread] LineaDAO DEBUG - ResultSet de lineas cerrado
2025-11-08 19:00 [JavaFX Application Thread] LineaDAO DEBUG - PreparedStatement de lineas cerrado
2025-11-08 19:00 [JavaFX Application Thread] LineaDAO DEBUG - Statement de schema cerrado
2025-11-08 19:00 [JavaFX Application Thread] LineaDAO INFO - Lineas cargadas
2025-11-08 19:00 [JavaFX Application Thread] ParadaDAO INFO - Paradas cargadas
2025-11-08 19:00 [JavaFX Application Thread] TramoDAO DEBUG - Schema elegido
2025-11-08 19:00 [JavaFX Application Thread] TramoDAO DEBUG - Consulta realizada para tramos
2025-11-08 19:00 [JavaFX Application Thread] TramoDAO DEBUG - ResultSet de tramos cerrado
2025-11-08 19:00 [JavaFX Application Thread] TramoDAO DEBUG - PreparedStatement de tramos cerrado
2025-11-08 19:00 [JavaFX Application Thread] TramoDAO DEBUG - Statement de tramos cerrado
2025-11-08 19:00 [JavaFX Application Thread] TramoDAO INFO - Tramos cargados
2025-11-08 19:01 [Thread-6] Logica DEBUG - Recorridos calculados
2025-11-08 19:01 [Thread-3] BDConexion INFO - Conexion a la base de datos cerrada
