2025-11-05 00:13 [JavaFX Application Thread] ParadaDAO DEBUG - Archivo de paradas cargado
2025-11-05 00:13 [JavaFX Application Thread] ParadaDAO INFO - Paradas cargadas
2025-11-05 00:13 [JavaFX Application Thread] ParadaDAO INFO - Paradas cargadas
2025-11-05 00:13 [JavaFX Application Thread] LineaDAO INFO - Frecuencias cargadas
2025-11-05 00:13 [JavaFX Application Thread] LineaDAO DEBUG - Archivo de lineas cargado
2025-11-05 00:13 [JavaFX Application Thread] LineaDAO INFO - Lineas cargadas
2025-11-05 00:13 [JavaFX Application Thread] ParadaDAO INFO - Paradas cargadas
2025-11-05 00:13 [JavaFX Application Thread] TramoDAO DEBUG - Archivo de tramos cargado
2025-11-05 00:13 [JavaFX Application Thread] TramoDAO INFO - Tramos cargados
2025-11-05 00:34 [JavaFX Application Thread] ParadaDAO DEBUG - Archivo de paradas cargado
2025-11-05 00:34 [JavaFX Application Thread] ParadaDAO INFO - Paradas cargadas
2025-11-05 00:34 [JavaFX Application Thread] ParadaDAO INFO - Paradas cargadas
2025-11-05 00:34 [JavaFX Application Thread] LineaDAO INFO - Frecuencias cargadas
2025-11-05 00:34 [JavaFX Application Thread] LineaDAO DEBUG - Archivo de lineas cargado
2025-11-05 00:34 [JavaFX Application Thread] LineaDAO INFO - Lineas cargadas
2025-11-05 00:34 [JavaFX Application Thread] ParadaDAO INFO - Paradas cargadas
2025-11-05 00:34 [JavaFX Application Thread] TramoDAO DEBUG - Archivo de tramos cargado
2025-11-05 00:34 [JavaFX Application Thread] TramoDAO INFO - Tramos cargados
2025-11-05 00:38 [Thread-3] Logica DEBUG - Recorridos calculados
2025-11-05 00:38 [Thread-4] Logica DEBUG - Recorridos calculados
2025-11-05 00:59 [JavaFX Application Thread] ParadaDAO DEBUG - Archivo de paradas cargado
2025-11-05 00:59 [JavaFX Application Thread] ParadaDAO INFO - Paradas cargadas
2025-11-05 00:59 [JavaFX Application Thread] ParadaDAO INFO - Paradas cargadas
2025-11-05 00:59 [JavaFX Application Thread] LineaDAO INFO - Frecuencias cargadas
2025-11-05 00:59 [JavaFX Application Thread] LineaDAO DEBUG - Archivo de lineas cargado
2025-11-05 00:59 [JavaFX Application Thread] LineaDAO INFO - Lineas cargadas
2025-11-05 00:59 [JavaFX Application Thread] ParadaDAO INFO - Paradas cargadas
2025-11-05 00:59 [JavaFX Application Thread] TramoDAO DEBUG - Archivo de tramos cargado
2025-11-05 00:59 [JavaFX Application Thread] TramoDAO INFO - Tramos cargados
2025-11-05 01:00 [JavaFX Application Thread] ParadaDAO DEBUG - Archivo de paradas cargado
2025-11-05 01:00 [JavaFX Application Thread] ParadaDAO INFO - Paradas cargadas
2025-11-05 01:00 [JavaFX Application Thread] ParadaDAO INFO - Paradas cargadas
2025-11-05 01:00 [JavaFX Application Thread] LineaDAO INFO - Frecuencias cargadas
2025-11-05 01:00 [JavaFX Application Thread] LineaDAO DEBUG - Archivo de lineas cargado
2025-11-05 01:00 [JavaFX Application Thread] LineaDAO INFO - Lineas cargadas
2025-11-05 01:00 [JavaFX Application Thread] ParadaDAO INFO - Paradas cargadas
2025-11-05 01:00 [JavaFX Application Thread] TramoDAO DEBUG - Archivo de tramos cargado
2025-11-05 01:00 [JavaFX Application Thread] TramoDAO INFO - Tramos cargados
2025-11-05 01:02 [JavaFX Application Thread] ParadaDAO DEBUG - Archivo de paradas cargado
2025-11-05 01:02 [JavaFX Application Thread] ParadaDAO INFO - Paradas cargadas
2025-11-05 01:02 [JavaFX Application Thread] ParadaDAO INFO - Paradas cargadas
2025-11-05 01:02 [JavaFX Application Thread] LineaDAO INFO - Frecuencias cargadas
2025-11-05 01:02 [JavaFX Application Thread] LineaDAO DEBUG - Archivo de lineas cargado
2025-11-05 01:02 [JavaFX Application Thread] LineaDAO INFO - Lineas cargadas
2025-11-05 01:02 [JavaFX Application Thread] ParadaDAO INFO - Paradas cargadas
2025-11-05 01:02 [JavaFX Application Thread] TramoDAO DEBUG - Archivo de tramos cargado
2025-11-05 01:02 [JavaFX Application Thread] TramoDAO INFO - Tramos cargados
2025-11-05 01:05 [JavaFX Application Thread] ParadaDAO DEBUG - Archivo de paradas cargado
2025-11-05 01:05 [JavaFX Application Thread] ParadaDAO INFO - Paradas cargadas
2025-11-05 01:05 [JavaFX Application Thread] ParadaDAO INFO - Paradas cargadas
2025-11-05 01:05 [JavaFX Application Thread] LineaDAO INFO - Frecuencias cargadas
2025-11-05 01:05 [JavaFX Application Thread] LineaDAO DEBUG - Archivo de lineas cargado
2025-11-05 01:05 [JavaFX Application Thread] LineaDAO INFO - Lineas cargadas
2025-11-05 01:05 [JavaFX Application Thread] ParadaDAO INFO - Paradas cargadas
2025-11-05 01:05 [JavaFX Application Thread] TramoDAO DEBUG - Archivo de tramos cargado
2025-11-05 01:05 [JavaFX Application Thread] TramoDAO INFO - Tramos cargados
2025-11-05 01:06 [JavaFX Application Thread] ParadaDAO DEBUG - Archivo de paradas cargado
2025-11-05 01:06 [JavaFX Application Thread] ParadaDAO INFO - Paradas cargadas
2025-11-05 01:06 [JavaFX Application Thread] ParadaDAO INFO - Paradas cargadas
2025-11-05 01:06 [JavaFX Application Thread] LineaDAO INFO - Frecuencias cargadas
2025-11-05 01:06 [JavaFX Application Thread] LineaDAO DEBUG - Archivo de lineas cargado
2025-11-05 01:06 [JavaFX Application Thread] LineaDAO INFO - Lineas cargadas
2025-11-05 01:06 [JavaFX Application Thread] ParadaDAO INFO - Paradas cargadas
2025-11-05 01:06 [JavaFX Application Thread] TramoDAO DEBUG - Archivo de tramos cargado
2025-11-05 01:06 [JavaFX Application Thread] TramoDAO INFO - Tramos cargados
2025-11-05 01:06 [JavaFX Application Thread] LineaDAO ERROR - Error al cargar archivo de lineas en src/resource
2025-11-05 01:06 [JavaFX Application Thread] LineaDAO ERROR - Error al cargar archivo de lineas en src/resource
2025-11-05 01:06 [JavaFX Application Thread] LineaDAO ERROR - Error al cargar archivo de lineas en src/resource
2025-11-05 01:06 [JavaFX Application Thread] LineaDAO ERROR - Error al cargar archivo de lineas en src/resource
2025-11-05 01:06 [JavaFX Application Thread] LineaDAO ERROR - Error al cargar archivo de lineas en src/resource
2025-11-05 01:06 [JavaFX Application Thread] LineaDAO ERROR - Error al cargar archivo de lineas en src/resource
2025-11-05 01:06 [JavaFX Application Thread] LineaDAO ERROR - Error al cargar archivo de lineas en src/resource
2025-11-05 01:06 [JavaFX Application Thread] LineaDAO ERROR - Error al cargar archivo de lineas en src/resource
2025-11-05 01:06 [JavaFX Application Thread] LineaDAO ERROR - Error al cargar archivo de lineas en src/resource
2025-11-05 01:06 [JavaFX Application Thread] LineaDAO ERROR - Error al cargar archivo de lineas en src/resource
2025-11-05 01:07 [JavaFX Application Thread] ParadaDAO DEBUG - Archivo de paradas cargado
2025-11-05 01:07 [JavaFX Application Thread] ParadaDAO INFO - Paradas cargadas
2025-11-05 01:07 [JavaFX Application Thread] ParadaDAO INFO - Paradas cargadas
2025-11-05 01:07 [JavaFX Application Thread] LineaDAO INFO - Frecuencias cargadas
2025-11-05 01:07 [JavaFX Application Thread] LineaDAO DEBUG - Archivo de lineas cargado
2025-11-05 01:07 [JavaFX Application Thread] LineaDAO INFO - Lineas cargadas
2025-11-05 01:07 [JavaFX Application Thread] ParadaDAO INFO - Paradas cargadas
2025-11-05 01:07 [JavaFX Application Thread] TramoDAO DEBUG - Archivo de tramos cargado
2025-11-05 01:07 [JavaFX Application Thread] TramoDAO INFO - Tramos cargados
2025-11-05 01:08 [JavaFX Application Thread] ParadaDAO DEBUG - Archivo de paradas cargado
2025-11-05 01:08 [JavaFX Application Thread] ParadaDAO INFO - Paradas cargadas
2025-11-05 01:08 [JavaFX Application Thread] ParadaDAO INFO - Paradas cargadas
2025-11-05 01:08 [JavaFX Application Thread] LineaDAO INFO - Frecuencias cargadas
2025-11-05 01:08 [JavaFX Application Thread] LineaDAO DEBUG - Archivo de lineas cargado
2025-11-05 01:08 [JavaFX Application Thread] LineaDAO INFO - Lineas cargadas
2025-11-05 01:08 [JavaFX Application Thread] ParadaDAO INFO - Paradas cargadas
2025-11-05 01:08 [JavaFX Application Thread] TramoDAO DEBUG - Archivo de tramos cargado
2025-11-05 01:08 [JavaFX Application Thread] TramoDAO INFO - Tramos cargados
2025-11-05 01:09 [JavaFX Application Thread] ParadaDAO DEBUG - Archivo de paradas cargado
2025-11-05 01:09 [JavaFX Application Thread] ParadaDAO INFO - Paradas cargadas
2025-11-05 01:09 [JavaFX Application Thread] ParadaDAO INFO - Paradas cargadas
2025-11-05 01:09 [JavaFX Application Thread] LineaDAO INFO - Frecuencias cargadas
2025-11-05 01:09 [JavaFX Application Thread] LineaDAO DEBUG - Archivo de lineas cargado
2025-11-05 01:09 [JavaFX Application Thread] LineaDAO INFO - Lineas cargadas
2025-11-05 01:09 [JavaFX Application Thread] ParadaDAO INFO - Paradas cargadas
2025-11-05 01:09 [JavaFX Application Thread] TramoDAO DEBUG - Archivo de tramos cargado
2025-11-05 01:09 [JavaFX Application Thread] TramoDAO INFO - Tramos cargados
2025-11-05 01:09 [Thread-3] Logica DEBUG - Recorridos calculados
2025-11-05 01:13 [Thread-4] Logica DEBUG - Recorridos calculados
2025-11-05 01:19 [JavaFX Application Thread] ParadaDAO DEBUG - Archivo de paradas cargado
2025-11-05 01:19 [JavaFX Application Thread] ParadaDAO INFO - Paradas cargadas
2025-11-05 01:19 [JavaFX Application Thread] ParadaDAO INFO - Paradas cargadas
2025-11-05 01:19 [JavaFX Application Thread] LineaDAO INFO - Frecuencias cargadas
2025-11-05 01:19 [JavaFX Application Thread] LineaDAO DEBUG - Archivo de lineas cargado
2025-11-05 01:19 [JavaFX Application Thread] LineaDAO INFO - Lineas cargadas
2025-11-05 01:19 [JavaFX Application Thread] ParadaDAO INFO - Paradas cargadas
2025-11-05 01:19 [JavaFX Application Thread] TramoDAO DEBUG - Archivo de tramos cargado
2025-11-05 01:19 [JavaFX Application Thread] TramoDAO INFO - Tramos cargados
2025-11-05 01:27 [JavaFX Application Thread] ParadaDAO DEBUG - Archivo de paradas cargado
2025-11-05 01:27 [JavaFX Application Thread] ParadaDAO INFO - Paradas cargadas
2025-11-05 01:27 [JavaFX Application Thread] ParadaDAO INFO - Paradas cargadas
2025-11-05 01:27 [JavaFX Application Thread] LineaDAO INFO - Frecuencias cargadas
2025-11-05 01:27 [JavaFX Application Thread] LineaDAO DEBUG - Archivo de lineas cargado
2025-11-05 01:27 [JavaFX Application Thread] LineaDAO INFO - Lineas cargadas
2025-11-05 01:27 [JavaFX Application Thread] ParadaDAO INFO - Paradas cargadas
2025-11-05 01:27 [JavaFX Application Thread] TramoDAO DEBUG - Archivo de tramos cargado
2025-11-05 01:27 [JavaFX Application Thread] TramoDAO INFO - Tramos cargados
2025-11-05 14:06 [JavaFX Application Thread] BDConexion INFO - Conexion establecida a jdbc:postgresql://pgs.fi.mdn.unp.edu.ar:30000/bd1 (user=estudiante)
2025-11-05 14:06 [JavaFX Application Thread] ParadaDAO DEBUG - Schema elegido
2025-11-05 14:06 [JavaFX Application Thread] ParadaDAO DEBUG - Consulta realizada para paradas
2025-11-05 14:06 [JavaFX Application Thread] ParadaDAO DEBUG - ResultSet de paradas cerrado
2025-11-05 14:06 [JavaFX Application Thread] ParadaDAO DEBUG - PreparedStatement de paradas cerrado
2025-11-05 14:06 [JavaFX Application Thread] ParadaDAO DEBUG - Statement de schema cerrado
2025-11-05 14:06 [JavaFX Application Thread] ParadaDAO INFO - Paradas cargadas
2025-11-05 14:06 [JavaFX Application Thread] ParadaDAO INFO - Paradas cargadas
2025-11-05 14:06 [JavaFX Application Thread] LineaDAO DEBUG - Schema elegido
2025-11-05 14:06 [JavaFX Application Thread] LineaDAO DEBUG - Consulta realizada para frecuencias de cada linea
2025-11-05 14:06 [JavaFX Application Thread] LineaDAO INFO - Frecuencias de las lineas cargadas
2025-11-05 14:06 [JavaFX Application Thread] LineaDAO DEBUG - Consulta realizada para secuencia de cada linea
2025-11-05 14:06 [JavaFX Application Thread] LineaDAO INFO - Secuencias de cada linea cargadas
2025-11-05 14:06 [JavaFX Application Thread] LineaDAO DEBUG - Consulta realizada para lineas
2025-11-05 14:06 [JavaFX Application Thread] LineaDAO DEBUG - ResultSet de lineas cerrado
2025-11-05 14:06 [JavaFX Application Thread] LineaDAO DEBUG - PreparedStatement de lineas cerrado
2025-11-05 14:06 [JavaFX Application Thread] LineaDAO DEBUG - Statement de schema cerrado
2025-11-05 14:06 [JavaFX Application Thread] LineaDAO INFO - Lineas cargadas
2025-11-05 14:06 [JavaFX Application Thread] ParadaDAO INFO - Paradas cargadas
2025-11-05 14:06 [JavaFX Application Thread] TramoDAO DEBUG - Schema elegido
2025-11-05 14:06 [JavaFX Application Thread] TramoDAO DEBUG - Consulta realizada para tramos
2025-11-05 14:06 [JavaFX Application Thread] TramoDAO DEBUG - ResultSet de tramos cerrado
2025-11-05 14:06 [JavaFX Application Thread] TramoDAO DEBUG - PreparedStatement de tramos cerrado
2025-11-05 14:06 [JavaFX Application Thread] TramoDAO DEBUG - Statement de tramos cerrado
2025-11-05 14:06 [JavaFX Application Thread] TramoDAO INFO - Tramos cargados
2025-11-05 14:06 [Thread-4] Logica DEBUG - Recorridos calculados
2025-11-05 14:06 [Thread-5] Logica DEBUG - Recorridos calculados
2025-11-05 14:07 [JavaFX Application Thread] ParadaDAO DEBUG - Schema elegido
2025-11-05 14:07 [JavaFX Application Thread] ParadaDAO DEBUG - Consulta realizada para paradas
2025-11-05 14:07 [JavaFX Application Thread] ParadaDAO DEBUG - ResultSet de paradas cerrado
2025-11-05 14:07 [JavaFX Application Thread] ParadaDAO DEBUG - PreparedStatement de paradas cerrado
2025-11-05 14:07 [JavaFX Application Thread] ParadaDAO DEBUG - Statement de schema cerrado
2025-11-05 14:07 [JavaFX Application Thread] ParadaDAO INFO - Paradas cargadas
2025-11-05 14:07 [JavaFX Application Thread] ParadaDAO INFO - Paradas cargadas
2025-11-05 14:07 [JavaFX Application Thread] LineaDAO DEBUG - Schema elegido
2025-11-05 14:07 [JavaFX Application Thread] LineaDAO DEBUG - Consulta realizada para frecuencias de cada linea
2025-11-05 14:07 [JavaFX Application Thread] LineaDAO INFO - Frecuencias de las lineas cargadas
2025-11-05 14:07 [JavaFX Application Thread] LineaDAO DEBUG - Consulta realizada para secuencia de cada linea
2025-11-05 14:07 [JavaFX Application Thread] LineaDAO INFO - Secuencias de cada linea cargadas
2025-11-05 14:07 [JavaFX Application Thread] LineaDAO DEBUG - Consulta realizada para lineas
2025-11-05 14:07 [JavaFX Application Thread] LineaDAO DEBUG - ResultSet de lineas cerrado
2025-11-05 14:07 [JavaFX Application Thread] LineaDAO DEBUG - PreparedStatement de lineas cerrado
2025-11-05 14:07 [JavaFX Application Thread] LineaDAO DEBUG - Statement de schema cerrado
2025-11-05 14:07 [JavaFX Application Thread] LineaDAO INFO - Lineas cargadas
2025-11-05 14:07 [JavaFX Application Thread] ParadaDAO INFO - Paradas cargadas
2025-11-05 14:07 [JavaFX Application Thread] TramoDAO DEBUG - Schema elegido
2025-11-05 14:07 [JavaFX Application Thread] TramoDAO DEBUG - Consulta realizada para tramos
2025-11-05 14:07 [JavaFX Application Thread] TramoDAO DEBUG - ResultSet de tramos cerrado
2025-11-05 14:07 [JavaFX Application Thread] TramoDAO DEBUG - PreparedStatement de tramos cerrado
2025-11-05 14:07 [JavaFX Application Thread] TramoDAO DEBUG - Statement de tramos cerrado
2025-11-05 14:07 [JavaFX Application Thread] TramoDAO INFO - Tramos cargados
2025-11-05 14:08 [Thread-3] BDConexion INFO - Conexion a la base de datos cerrada
2025-11-05 14:08 [JavaFX Application Thread] BDConexion INFO - Conexion establecida a jdbc:postgresql://pgs.fi.mdn.unp.edu.ar:30000/bd1 (user=estudiante)
2025-11-05 14:08 [JavaFX Application Thread] ParadaDAO DEBUG - Schema elegido
2025-11-05 14:08 [JavaFX Application Thread] ParadaDAO DEBUG - Consulta realizada para paradas
2025-11-05 14:08 [JavaFX Application Thread] ParadaDAO DEBUG - ResultSet de paradas cerrado
2025-11-05 14:08 [JavaFX Application Thread] ParadaDAO DEBUG - PreparedStatement de paradas cerrado
2025-11-05 14:08 [JavaFX Application Thread] ParadaDAO DEBUG - Statement de schema cerrado
2025-11-05 14:08 [JavaFX Application Thread] ParadaDAO INFO - Paradas cargadas
2025-11-05 14:08 [JavaFX Application Thread] ParadaDAO INFO - Paradas cargadas
2025-11-05 14:08 [JavaFX Application Thread] LineaDAO DEBUG - Schema elegido
2025-11-05 14:08 [JavaFX Application Thread] LineaDAO DEBUG - Consulta realizada para frecuencias de cada linea
2025-11-05 14:08 [JavaFX Application Thread] LineaDAO INFO - Frecuencias de las lineas cargadas
2025-11-05 14:08 [JavaFX Application Thread] LineaDAO DEBUG - Consulta realizada para secuencia de cada linea
2025-11-05 14:08 [JavaFX Application Thread] LineaDAO INFO - Secuencias de cada linea cargadas
2025-11-05 14:08 [JavaFX Application Thread] LineaDAO DEBUG - Consulta realizada para lineas
2025-11-05 14:08 [JavaFX Application Thread] LineaDAO DEBUG - ResultSet de lineas cerrado
2025-11-05 14:08 [JavaFX Application Thread] LineaDAO DEBUG - PreparedStatement de lineas cerrado
2025-11-05 14:08 [JavaFX Application Thread] LineaDAO DEBUG - Statement de schema cerrado
2025-11-05 14:08 [JavaFX Application Thread] LineaDAO INFO - Lineas cargadas
2025-11-05 14:08 [JavaFX Application Thread] ParadaDAO INFO - Paradas cargadas
2025-11-05 14:08 [JavaFX Application Thread] TramoDAO DEBUG - Schema elegido
2025-11-05 14:08 [JavaFX Application Thread] TramoDAO DEBUG - Consulta realizada para tramos
2025-11-05 14:08 [JavaFX Application Thread] TramoDAO DEBUG - ResultSet de tramos cerrado
2025-11-05 14:08 [JavaFX Application Thread] TramoDAO DEBUG - PreparedStatement de tramos cerrado
2025-11-05 14:08 [JavaFX Application Thread] TramoDAO DEBUG - Statement de tramos cerrado
2025-11-05 14:08 [JavaFX Application Thread] TramoDAO INFO - Tramos cargados
2025-11-05 14:08 [JavaFX Application Thread] ParadaDAO DEBUG - Schema elegido
2025-11-05 14:08 [JavaFX Application Thread] ParadaDAO DEBUG - Consulta realizada para paradas
2025-11-05 14:08 [JavaFX Application Thread] ParadaDAO DEBUG - ResultSet de paradas cerrado
2025-11-05 14:08 [JavaFX Application Thread] ParadaDAO DEBUG - PreparedStatement de paradas cerrado
2025-11-05 14:08 [JavaFX Application Thread] ParadaDAO DEBUG - Statement de schema cerrado
2025-11-05 14:08 [JavaFX Application Thread] ParadaDAO INFO - Paradas cargadas
2025-11-05 14:08 [JavaFX Application Thread] ParadaDAO INFO - Paradas cargadas
2025-11-05 14:08 [JavaFX Application Thread] LineaDAO DEBUG - Schema elegido
2025-11-05 14:08 [JavaFX Application Thread] LineaDAO DEBUG - Consulta realizada para frecuencias de cada linea
2025-11-05 14:08 [JavaFX Application Thread] LineaDAO INFO - Frecuencias de las lineas cargadas
2025-11-05 14:08 [JavaFX Application Thread] LineaDAO DEBUG - Consulta realizada para secuencia de cada linea
2025-11-05 14:08 [JavaFX Application Thread] LineaDAO INFO - Secuencias de cada linea cargadas
2025-11-05 14:08 [JavaFX Application Thread] LineaDAO DEBUG - Consulta realizada para lineas
2025-11-05 14:08 [JavaFX Application Thread] LineaDAO DEBUG - ResultSet de lineas cerrado
2025-11-05 14:08 [JavaFX Application Thread] LineaDAO DEBUG - PreparedStatement de lineas cerrado
2025-11-05 14:08 [JavaFX Application Thread] LineaDAO DEBUG - Statement de schema cerrado
2025-11-05 14:08 [JavaFX Application Thread] LineaDAO INFO - Lineas cargadas
2025-11-05 14:08 [JavaFX Application Thread] ParadaDAO INFO - Paradas cargadas
2025-11-05 14:08 [JavaFX Application Thread] TramoDAO DEBUG - Schema elegido
2025-11-05 14:08 [JavaFX Application Thread] TramoDAO DEBUG - Consulta realizada para tramos
2025-11-05 14:08 [JavaFX Application Thread] TramoDAO DEBUG - ResultSet de tramos cerrado
2025-11-05 14:08 [JavaFX Application Thread] TramoDAO DEBUG - PreparedStatement de tramos cerrado
2025-11-05 14:08 [JavaFX Application Thread] TramoDAO DEBUG - Statement de tramos cerrado
2025-11-05 14:08 [JavaFX Application Thread] TramoDAO INFO - Tramos cargados
2025-11-05 14:09 [Thread-3] BDConexion INFO - Conexion a la base de datos cerrada
2025-11-05 14:16 [JavaFX Application Thread] BDConexion INFO - Conexion establecida a jdbc:postgresql://pgs.fi.mdn.unp.edu.ar:30000/bd1 (user=estudiante)
2025-11-05 14:16 [JavaFX Application Thread] ParadaDAO DEBUG - Schema elegido
2025-11-05 14:16 [JavaFX Application Thread] ParadaDAO DEBUG - Consulta realizada para paradas
2025-11-05 14:16 [JavaFX Application Thread] ParadaDAO DEBUG - ResultSet de paradas cerrado
2025-11-05 14:16 [JavaFX Application Thread] ParadaDAO DEBUG - PreparedStatement de paradas cerrado
2025-11-05 14:16 [JavaFX Application Thread] ParadaDAO DEBUG - Statement de schema cerrado
2025-11-05 14:16 [JavaFX Application Thread] ParadaDAO INFO - Paradas cargadas
2025-11-05 14:16 [JavaFX Application Thread] ParadaDAO INFO - Paradas cargadas
2025-11-05 14:16 [JavaFX Application Thread] LineaDAO DEBUG - Schema elegido
2025-11-05 14:16 [JavaFX Application Thread] LineaDAO DEBUG - Consulta realizada para frecuencias de cada linea
2025-11-05 14:16 [JavaFX Application Thread] LineaDAO INFO - Frecuencias de las lineas cargadas
2025-11-05 14:16 [JavaFX Application Thread] LineaDAO DEBUG - Consulta realizada para secuencia de cada linea
2025-11-05 14:16 [JavaFX Application Thread] LineaDAO INFO - Secuencias de cada linea cargadas
2025-11-05 14:16 [JavaFX Application Thread] LineaDAO DEBUG - Consulta realizada para lineas
2025-11-05 14:16 [JavaFX Application Thread] LineaDAO DEBUG - ResultSet de lineas cerrado
2025-11-05 14:16 [JavaFX Application Thread] LineaDAO DEBUG - PreparedStatement de lineas cerrado
2025-11-05 14:16 [JavaFX Application Thread] LineaDAO DEBUG - Statement de schema cerrado
2025-11-05 14:16 [JavaFX Application Thread] LineaDAO INFO - Lineas cargadas
2025-11-05 14:16 [JavaFX Application Thread] ParadaDAO INFO - Paradas cargadas
2025-11-05 14:16 [JavaFX Application Thread] TramoDAO DEBUG - Schema elegido
2025-11-05 14:16 [JavaFX Application Thread] TramoDAO DEBUG - Consulta realizada para tramos
2025-11-05 14:16 [JavaFX Application Thread] TramoDAO DEBUG - ResultSet de tramos cerrado
2025-11-05 14:16 [JavaFX Application Thread] TramoDAO DEBUG - PreparedStatement de tramos cerrado
2025-11-05 14:16 [JavaFX Application Thread] TramoDAO DEBUG - Statement de tramos cerrado
2025-11-05 14:16 [JavaFX Application Thread] TramoDAO INFO - Tramos cargados
2025-11-05 14:16 [Thread-4] Logica DEBUG - Recorridos calculados
2025-11-05 14:16 [Thread-3] BDConexion INFO - Conexion a la base de datos cerrada
2025-11-05 14:19 [JavaFX Application Thread] BDConexion INFO - Conexion establecida a jdbc:postgresql://pgs.fi.mdn.unp.edu.ar:30000/bd1 (user=estudiante)
2025-11-05 14:19 [JavaFX Application Thread] ParadaDAO DEBUG - Schema elegido
2025-11-05 14:19 [JavaFX Application Thread] ParadaDAO DEBUG - Consulta realizada para paradas
2025-11-05 14:19 [JavaFX Application Thread] ParadaDAO DEBUG - ResultSet de paradas cerrado
2025-11-05 14:19 [JavaFX Application Thread] ParadaDAO DEBUG - PreparedStatement de paradas cerrado
2025-11-05 14:19 [JavaFX Application Thread] ParadaDAO DEBUG - Statement de schema cerrado
2025-11-05 14:19 [JavaFX Application Thread] ParadaDAO INFO - Paradas cargadas
2025-11-05 14:19 [JavaFX Application Thread] ParadaDAO INFO - Paradas cargadas
2025-11-05 14:19 [JavaFX Application Thread] LineaDAO DEBUG - Schema elegido
2025-11-05 14:19 [JavaFX Application Thread] LineaDAO DEBUG - Consulta realizada para frecuencias de cada linea
2025-11-05 14:19 [JavaFX Application Thread] LineaDAO INFO - Frecuencias de las lineas cargadas
2025-11-05 14:19 [JavaFX Application Thread] LineaDAO DEBUG - Consulta realizada para secuencia de cada linea
2025-11-05 14:19 [JavaFX Application Thread] LineaDAO INFO - Secuencias de cada linea cargadas
2025-11-05 14:19 [JavaFX Application Thread] LineaDAO DEBUG - Consulta realizada para lineas
2025-11-05 14:19 [JavaFX Application Thread] LineaDAO DEBUG - ResultSet de lineas cerrado
2025-11-05 14:19 [JavaFX Application Thread] LineaDAO DEBUG - PreparedStatement de lineas cerrado
2025-11-05 14:19 [JavaFX Application Thread] LineaDAO DEBUG - Statement de schema cerrado
2025-11-05 14:19 [JavaFX Application Thread] LineaDAO INFO - Lineas cargadas
2025-11-05 14:19 [JavaFX Application Thread] ParadaDAO INFO - Paradas cargadas
2025-11-05 14:19 [JavaFX Application Thread] TramoDAO DEBUG - Schema elegido
2025-11-05 14:19 [JavaFX Application Thread] TramoDAO DEBUG - Consulta realizada para tramos
2025-11-05 14:19 [JavaFX Application Thread] TramoDAO DEBUG - ResultSet de tramos cerrado
2025-11-05 14:19 [JavaFX Application Thread] TramoDAO DEBUG - PreparedStatement de tramos cerrado
2025-11-05 14:19 [JavaFX Application Thread] TramoDAO DEBUG - Statement de tramos cerrado
2025-11-05 14:19 [JavaFX Application Thread] TramoDAO INFO - Tramos cargados
2025-11-05 14:19 [JavaFX Application Thread] ParadaDAO DEBUG - Schema elegido
2025-11-05 14:19 [JavaFX Application Thread] ParadaDAO DEBUG - Consulta realizada para paradas
2025-11-05 14:19 [JavaFX Application Thread] ParadaDAO DEBUG - ResultSet de paradas cerrado
2025-11-05 14:19 [JavaFX Application Thread] ParadaDAO DEBUG - PreparedStatement de paradas cerrado
2025-11-05 14:19 [JavaFX Application Thread] ParadaDAO DEBUG - Statement de schema cerrado
2025-11-05 14:19 [JavaFX Application Thread] ParadaDAO INFO - Paradas cargadas
2025-11-05 14:19 [JavaFX Application Thread] ParadaDAO INFO - Paradas cargadas
2025-11-05 14:19 [JavaFX Application Thread] LineaDAO DEBUG - Schema elegido
2025-11-05 14:19 [JavaFX Application Thread] LineaDAO DEBUG - Consulta realizada para frecuencias de cada linea
2025-11-05 14:19 [JavaFX Application Thread] LineaDAO INFO - Frecuencias de las lineas cargadas
2025-11-05 14:19 [JavaFX Application Thread] LineaDAO DEBUG - Consulta realizada para secuencia de cada linea
2025-11-05 14:19 [JavaFX Application Thread] LineaDAO INFO - Secuencias de cada linea cargadas
2025-11-05 14:19 [JavaFX Application Thread] LineaDAO DEBUG - Consulta realizada para lineas
2025-11-05 14:19 [JavaFX Application Thread] LineaDAO DEBUG - ResultSet de lineas cerrado
2025-11-05 14:19 [JavaFX Application Thread] LineaDAO DEBUG - PreparedStatement de lineas cerrado
2025-11-05 14:19 [JavaFX Application Thread] LineaDAO DEBUG - Statement de schema cerrado
2025-11-05 14:19 [JavaFX Application Thread] LineaDAO INFO - Lineas cargadas
2025-11-05 14:19 [JavaFX Application Thread] ParadaDAO INFO - Paradas cargadas
2025-11-05 14:19 [JavaFX Application Thread] TramoDAO DEBUG - Schema elegido
2025-11-05 14:19 [JavaFX Application Thread] TramoDAO DEBUG - Consulta realizada para tramos
2025-11-05 14:19 [JavaFX Application Thread] TramoDAO DEBUG - ResultSet de tramos cerrado
2025-11-05 14:19 [JavaFX Application Thread] TramoDAO DEBUG - PreparedStatement de tramos cerrado
2025-11-05 14:19 [JavaFX Application Thread] TramoDAO DEBUG - Statement de tramos cerrado
2025-11-05 14:19 [JavaFX Application Thread] TramoDAO INFO - Tramos cargados
2025-11-05 14:20 [Thread-6] Logica DEBUG - Recorridos calculados
2025-11-05 14:21 [JavaFX Application Thread] ParadaDAO DEBUG - Schema elegido
2025-11-05 14:21 [JavaFX Application Thread] ParadaDAO DEBUG - Consulta realizada para paradas
2025-11-05 14:21 [JavaFX Application Thread] ParadaDAO DEBUG - ResultSet de paradas cerrado
2025-11-05 14:21 [JavaFX Application Thread] ParadaDAO DEBUG - PreparedStatement de paradas cerrado
2025-11-05 14:21 [JavaFX Application Thread] ParadaDAO DEBUG - Statement de schema cerrado
2025-11-05 14:21 [JavaFX Application Thread] ParadaDAO INFO - Paradas cargadas
2025-11-05 14:21 [JavaFX Application Thread] ParadaDAO INFO - Paradas cargadas
2025-11-05 14:21 [JavaFX Application Thread] LineaDAO DEBUG - Schema elegido
2025-11-05 14:21 [JavaFX Application Thread] LineaDAO DEBUG - Consulta realizada para frecuencias de cada linea
2025-11-05 14:21 [JavaFX Application Thread] LineaDAO INFO - Frecuencias de las lineas cargadas
2025-11-05 14:21 [JavaFX Application Thread] LineaDAO DEBUG - Consulta realizada para secuencia de cada linea
2025-11-05 14:21 [JavaFX Application Thread] LineaDAO INFO - Secuencias de cada linea cargadas
2025-11-05 14:21 [JavaFX Application Thread] LineaDAO DEBUG - Consulta realizada para lineas
2025-11-05 14:21 [JavaFX Application Thread] LineaDAO DEBUG - ResultSet de lineas cerrado
2025-11-05 14:21 [JavaFX Application Thread] LineaDAO DEBUG - PreparedStatement de lineas cerrado
2025-11-05 14:21 [JavaFX Application Thread] LineaDAO DEBUG - Statement de schema cerrado
2025-11-05 14:21 [JavaFX Application Thread] LineaDAO INFO - Lineas cargadas
2025-11-05 14:21 [JavaFX Application Thread] ParadaDAO INFO - Paradas cargadas
2025-11-05 14:21 [JavaFX Application Thread] TramoDAO DEBUG - Schema elegido
2025-11-05 14:21 [JavaFX Application Thread] TramoDAO DEBUG - Consulta realizada para tramos
2025-11-05 14:21 [JavaFX Application Thread] TramoDAO DEBUG - ResultSet de tramos cerrado
2025-11-05 14:21 [JavaFX Application Thread] TramoDAO DEBUG - PreparedStatement de tramos cerrado
2025-11-05 14:21 [JavaFX Application Thread] TramoDAO DEBUG - Statement de tramos cerrado
2025-11-05 14:21 [JavaFX Application Thread] TramoDAO INFO - Tramos cargados
2025-11-05 14:21 [Thread-7] Logica DEBUG - Recorridos calculados
2025-11-05 14:30 [JavaFX Application Thread] BDConexion INFO - Conexion establecida a jdbc:postgresql://pgs.fi.mdn.unp.edu.ar:30000/bd1 (user=estudiante)
2025-11-05 14:30 [JavaFX Application Thread] ParadaDAO DEBUG - Schema elegido
2025-11-05 14:30 [JavaFX Application Thread] ParadaDAO DEBUG - Consulta realizada para paradas
2025-11-05 14:30 [JavaFX Application Thread] ParadaDAO DEBUG - ResultSet de paradas cerrado
2025-11-05 14:30 [JavaFX Application Thread] ParadaDAO DEBUG - PreparedStatement de paradas cerrado
2025-11-05 14:30 [JavaFX Application Thread] ParadaDAO DEBUG - Statement de schema cerrado
2025-11-05 14:30 [JavaFX Application Thread] ParadaDAO INFO - Paradas cargadas
2025-11-05 14:30 [JavaFX Application Thread] ParadaDAO INFO - Paradas cargadas
2025-11-05 14:30 [JavaFX Application Thread] LineaDAO DEBUG - Schema elegido
2025-11-05 14:30 [JavaFX Application Thread] LineaDAO DEBUG - Consulta realizada para frecuencias de cada linea
2025-11-05 14:30 [JavaFX Application Thread] LineaDAO INFO - Frecuencias de las lineas cargadas
2025-11-05 14:30 [JavaFX Application Thread] LineaDAO DEBUG - Consulta realizada para secuencia de cada linea
2025-11-05 14:30 [JavaFX Application Thread] LineaDAO INFO - Secuencias de cada linea cargadas
2025-11-05 14:30 [JavaFX Application Thread] LineaDAO DEBUG - Consulta realizada para lineas
2025-11-05 14:30 [JavaFX Application Thread] LineaDAO DEBUG - ResultSet de lineas cerrado
2025-11-05 14:30 [JavaFX Application Thread] LineaDAO DEBUG - PreparedStatement de lineas cerrado
2025-11-05 14:30 [JavaFX Application Thread] LineaDAO DEBUG - Statement de schema cerrado
2025-11-05 14:30 [JavaFX Application Thread] LineaDAO INFO - Lineas cargadas
2025-11-05 14:30 [JavaFX Application Thread] ParadaDAO INFO - Paradas cargadas
2025-11-05 14:30 [JavaFX Application Thread] TramoDAO DEBUG - Schema elegido
2025-11-05 14:30 [JavaFX Application Thread] TramoDAO DEBUG - Consulta realizada para tramos
2025-11-05 14:30 [JavaFX Application Thread] TramoDAO DEBUG - ResultSet de tramos cerrado
2025-11-05 14:30 [JavaFX Application Thread] TramoDAO DEBUG - PreparedStatement de tramos cerrado
2025-11-05 14:30 [JavaFX Application Thread] TramoDAO DEBUG - Statement de tramos cerrado
2025-11-05 14:30 [JavaFX Application Thread] TramoDAO INFO - Tramos cargados
2025-11-05 14:31 [Thread-4] Logica DEBUG - Recorridos calculados
2025-11-05 14:32 [Thread-3] BDConexion INFO - Conexion a la base de datos cerrada
2025-11-05 17:20 [JavaFX Application Thread] ParadaDAO DEBUG - Archivo de paradas cargado
2025-11-05 17:20 [JavaFX Application Thread] ParadaDAO INFO - Paradas cargadas
2025-11-05 17:20 [JavaFX Application Thread] ParadaDAO INFO - Paradas cargadas
2025-11-05 17:20 [JavaFX Application Thread] LineaDAO INFO - Frecuencias cargadas
2025-11-05 17:20 [JavaFX Application Thread] LineaDAO DEBUG - Archivo de lineas cargado
2025-11-05 17:20 [JavaFX Application Thread] LineaDAO INFO - Lineas cargadas
2025-11-05 17:20 [JavaFX Application Thread] ParadaDAO INFO - Paradas cargadas
2025-11-05 17:20 [JavaFX Application Thread] TramoDAO DEBUG - Archivo de tramos cargado
2025-11-05 17:20 [JavaFX Application Thread] TramoDAO INFO - Tramos cargados
2025-11-05 17:22 [JavaFX Application Thread] BDConexion INFO - Conexion establecida a jdbc:postgresql://pgs.fi.mdn.unp.edu.ar:30000/bd1 (user=estudiante)
2025-11-05 17:22 [JavaFX Application Thread] ParadaDAO DEBUG - Schema elegido
2025-11-05 17:22 [JavaFX Application Thread] ParadaDAO DEBUG - Consulta realizada para paradas
2025-11-05 17:22 [JavaFX Application Thread] ParadaDAO DEBUG - ResultSet de paradas cerrado
2025-11-05 17:22 [JavaFX Application Thread] ParadaDAO DEBUG - PreparedStatement de paradas cerrado
2025-11-05 17:22 [JavaFX Application Thread] ParadaDAO DEBUG - Statement de schema cerrado
2025-11-05 17:22 [JavaFX Application Thread] ParadaDAO INFO - Paradas cargadas
2025-11-05 17:22 [JavaFX Application Thread] ParadaDAO INFO - Paradas cargadas
2025-11-05 17:22 [JavaFX Application Thread] LineaDAO DEBUG - Schema elegido
2025-11-05 17:22 [JavaFX Application Thread] LineaDAO DEBUG - Consulta realizada para frecuencias de cada linea
2025-11-05 17:22 [JavaFX Application Thread] LineaDAO INFO - Frecuencias de las lineas cargadas
2025-11-05 17:22 [JavaFX Application Thread] LineaDAO DEBUG - Consulta realizada para secuencia de cada linea
2025-11-05 17:22 [JavaFX Application Thread] LineaDAO INFO - Secuencias de cada linea cargadas
2025-11-05 17:22 [JavaFX Application Thread] LineaDAO DEBUG - Consulta realizada para lineas
2025-11-05 17:22 [JavaFX Application Thread] LineaDAO DEBUG - ResultSet de lineas cerrado
2025-11-05 17:22 [JavaFX Application Thread] LineaDAO DEBUG - PreparedStatement de lineas cerrado
2025-11-05 17:22 [JavaFX Application Thread] LineaDAO DEBUG - Statement de schema cerrado
2025-11-05 17:22 [JavaFX Application Thread] LineaDAO INFO - Lineas cargadas
2025-11-05 17:22 [JavaFX Application Thread] ParadaDAO INFO - Paradas cargadas
2025-11-05 17:22 [JavaFX Application Thread] TramoDAO DEBUG - Schema elegido
2025-11-05 17:22 [JavaFX Application Thread] TramoDAO DEBUG - Consulta realizada para tramos
2025-11-05 17:22 [JavaFX Application Thread] TramoDAO DEBUG - ResultSet de tramos cerrado
2025-11-05 17:22 [JavaFX Application Thread] TramoDAO DEBUG - PreparedStatement de tramos cerrado
2025-11-05 17:22 [JavaFX Application Thread] TramoDAO DEBUG - Statement de tramos cerrado
2025-11-05 17:22 [JavaFX Application Thread] TramoDAO INFO - Tramos cargados
2025-11-05 17:23 [Thread-4] Logica DEBUG - Recorridos calculados
2025-11-05 17:29 [Thread-5] Logica DEBUG - Recorridos calculados
2025-11-05 17:29 [Thread-6] Logica DEBUG - Recorridos calculados
2025-11-05 17:29 [Thread-7] Logica DEBUG - Recorridos calculados
2025-11-05 17:30 [JavaFX Application Thread] ParadaDAO DEBUG - Schema elegido
2025-11-05 17:30 [JavaFX Application Thread] ParadaDAO DEBUG - Consulta realizada para paradas
2025-11-05 17:30 [JavaFX Application Thread] ParadaDAO DEBUG - ResultSet de paradas cerrado
2025-11-05 17:30 [JavaFX Application Thread] ParadaDAO DEBUG - PreparedStatement de paradas cerrado
2025-11-05 17:30 [JavaFX Application Thread] ParadaDAO DEBUG - Statement de schema cerrado
2025-11-05 17:30 [JavaFX Application Thread] ParadaDAO INFO - Paradas cargadas
2025-11-05 17:30 [JavaFX Application Thread] ParadaDAO INFO - Paradas cargadas
2025-11-05 17:30 [JavaFX Application Thread] LineaDAO DEBUG - Schema elegido
2025-11-05 17:30 [JavaFX Application Thread] LineaDAO DEBUG - Consulta realizada para frecuencias de cada linea
2025-11-05 17:30 [JavaFX Application Thread] LineaDAO INFO - Frecuencias de las lineas cargadas
2025-11-05 17:30 [JavaFX Application Thread] LineaDAO DEBUG - Consulta realizada para secuencia de cada linea
2025-11-05 17:30 [JavaFX Application Thread] LineaDAO INFO - Secuencias de cada linea cargadas
2025-11-05 17:30 [JavaFX Application Thread] LineaDAO DEBUG - Consulta realizada para lineas
2025-11-05 17:30 [JavaFX Application Thread] LineaDAO DEBUG - ResultSet de lineas cerrado
2025-11-05 17:30 [JavaFX Application Thread] LineaDAO DEBUG - PreparedStatement de lineas cerrado
2025-11-05 17:30 [JavaFX Application Thread] LineaDAO DEBUG - Statement de schema cerrado
2025-11-05 17:30 [JavaFX Application Thread] LineaDAO INFO - Lineas cargadas
2025-11-05 17:30 [JavaFX Application Thread] ParadaDAO INFO - Paradas cargadas
2025-11-05 17:30 [JavaFX Application Thread] TramoDAO DEBUG - Schema elegido
2025-11-05 17:30 [JavaFX Application Thread] TramoDAO DEBUG - Consulta realizada para tramos
2025-11-05 17:30 [JavaFX Application Thread] TramoDAO DEBUG - ResultSet de tramos cerrado
2025-11-05 17:30 [JavaFX Application Thread] TramoDAO DEBUG - PreparedStatement de tramos cerrado
2025-11-05 17:30 [JavaFX Application Thread] TramoDAO DEBUG - Statement de tramos cerrado
2025-11-05 17:30 [JavaFX Application Thread] TramoDAO INFO - Tramos cargados
2025-11-05 17:31 [Thread-8] Logica DEBUG - Recorridos calculados
2025-11-05 17:32 [Thread-9] Logica DEBUG - Recorridos calculados
2025-11-05 17:32 [Thread-3] BDConexion INFO - Conexion a la base de datos cerrada
2025-11-05 17:33 [JavaFX Application Thread] BDConexion INFO - Conexion establecida a jdbc:postgresql://pgs.fi.mdn.unp.edu.ar:30000/bd1 (user=estudiante)
2025-11-05 17:33 [JavaFX Application Thread] ParadaDAO DEBUG - Schema elegido
2025-11-05 17:33 [JavaFX Application Thread] ParadaDAO DEBUG - Consulta realizada para paradas
2025-11-05 17:33 [JavaFX Application Thread] ParadaDAO DEBUG - ResultSet de paradas cerrado
2025-11-05 17:33 [JavaFX Application Thread] ParadaDAO DEBUG - PreparedStatement de paradas cerrado
2025-11-05 17:33 [JavaFX Application Thread] ParadaDAO DEBUG - Statement de schema cerrado
2025-11-05 17:33 [JavaFX Application Thread] ParadaDAO INFO - Paradas cargadas
2025-11-05 17:33 [JavaFX Application Thread] ParadaDAO INFO - Paradas cargadas
2025-11-05 17:33 [JavaFX Application Thread] LineaDAO DEBUG - Schema elegido
2025-11-05 17:33 [JavaFX Application Thread] LineaDAO ERROR - No se pudo ejecutar la consulta para frecuencias
org.postgresql.util.PSQLException: ERROR: no existe la columna «linea»
  Position: 8
	at org.postgresql.core.v3.QueryExecutorImpl.receiveErrorResponse(QueryExecutorImpl.java:2736)
	at org.postgresql.core.v3.QueryExecutorImpl.processResults(QueryExecutorImpl.java:2421)
	at org.postgresql.core.v3.QueryExecutorImpl.execute(QueryExecutorImpl.java:372)
	at org.postgresql.jdbc.PgStatement.executeInternal(PgStatement.java:525)
	at org.postgresql.jdbc.PgStatement.execute(PgStatement.java:435)
	at org.postgresql.jdbc.PgPreparedStatement.executeWithFlags(PgPreparedStatement.java:196)
	at org.postgresql.jdbc.PgPreparedStatement.executeQuery(PgPreparedStatement.java:139)
	at colectivo.dao.postgresql.LineaPostgresqlDAO.buscarFrecuencias(LineaPostgresqlDAO.java:202)
	at colectivo.dao.postgresql.LineaPostgresqlDAO.buscarTodos(LineaPostgresqlDAO.java:112)
	at colectivo.servicio.LineaServicioImplementacion.buscarLineas(LineaServicioImplementacion.java:39)
	at colectivo.logica.EmpresaColectivos.<init>(EmpresaColectivos.java:41)
	at colectivo.controlador.Coordinador.setCiudadActual(Coordinador.java:170)
	at colectivo.interfaz.VentanaInicio.manejarInicio(VentanaInicio.java:235)
	at colectivo.interfaz.VentanaInicio.lambda$5(VentanaInicio.java:151)
	at javafx.base@21.0.9/com.sun.javafx.event.CompositeEventHandler.dispatchBubblingEvent(CompositeEventHandler.java:86)
	at javafx.base@21.0.9/com.sun.javafx.event.EventHandlerManager.dispatchBubblingEvent(EventHandlerManager.java:232)
	at javafx.base@21.0.9/com.sun.javafx.event.EventHandlerManager.dispatchBubblingEvent(EventHandlerManager.java:189)
	at javafx.base@21.0.9/com.sun.javafx.event.CompositeEventDispatcher.dispatchBubblingEvent(CompositeEventDispatcher.java:59)
	at javafx.base@21.0.9/com.sun.javafx.event.BasicEventDispatcher.dispatchEvent(BasicEventDispatcher.java:58)
	at javafx.base@21.0.9/com.sun.javafx.event.EventDispatchChainImpl.dispatchEvent(EventDispatchChainImpl.java:114)
	at javafx.base@21.0.9/com.sun.javafx.event.BasicEventDispatcher.dispatchEvent(BasicEventDispatcher.java:56)
	at javafx.base@21.0.9/com.sun.javafx.event.EventDispatchChainImpl.dispatchEvent(EventDispatchChainImpl.java:114)
	at javafx.base@21.0.9/com.sun.javafx.event.BasicEventDispatcher.dispatchEvent(BasicEventDispatcher.java:56)
	at javafx.base@21.0.9/com.sun.javafx.event.EventDispatchChainImpl.dispatchEvent(EventDispatchChainImpl.java:114)
	at javafx.base@21.0.9/com.sun.javafx.event.EventUtil.fireEventImpl(EventUtil.java:74)
	at javafx.base@21.0.9/com.sun.javafx.event.EventUtil.fireEvent(EventUtil.java:49)
	at javafx.base@21.0.9/javafx.event.Event.fireEvent(Event.java:198)
	at javafx.graphics@21.0.9/javafx.scene.Node.fireEvent(Node.java:8875)
	at javafx.controls@21.0.9/javafx.scene.control.Button.fire(Button.java:203)
	at javafx.controls@21.0.9/com.sun.javafx.scene.control.behavior.ButtonBehavior.mouseReleased(ButtonBehavior.java:207)
	at javafx.controls@21.0.9/com.sun.javafx.scene.control.inputmap.InputMap.handle(InputMap.java:274)
	at javafx.base@21.0.9/com.sun.javafx.event.CompositeEventHandler$NormalEventHandlerRecord.handleBubblingEvent(CompositeEventHandler.java:247)
	at javafx.base@21.0.9/com.sun.javafx.event.CompositeEventHandler.dispatchBubblingEvent(CompositeEventHandler.java:80)
	at javafx.base@21.0.9/com.sun.javafx.event.EventHandlerManager.dispatchBubblingEvent(EventHandlerManager.java:232)
	at javafx.base@21.0.9/com.sun.javafx.event.EventHandlerManager.dispatchBubblingEvent(EventHandlerManager.java:189)
	at javafx.base@21.0.9/com.sun.javafx.event.CompositeEventDispatcher.dispatchBubblingEvent(CompositeEventDispatcher.java:59)
	at javafx.base@21.0.9/com.sun.javafx.event.BasicEventDispatcher.dispatchEvent(BasicEventDispatcher.java:58)
	at javafx.base@21.0.9/com.sun.javafx.event.EventDispatchChainImpl.dispatchEvent(EventDispatchChainImpl.java:114)
	at javafx.base@21.0.9/com.sun.javafx.event.BasicEventDispatcher.dispatchEvent(BasicEventDispatcher.java:56)
	at javafx.base@21.0.9/com.sun.javafx.event.EventDispatchChainImpl.dispatchEvent(EventDispatchChainImpl.java:114)
	at javafx.base@21.0.9/com.sun.javafx.event.BasicEventDispatcher.dispatchEvent(BasicEventDispatcher.java:56)
	at javafx.base@21.0.9/com.sun.javafx.event.EventDispatchChainImpl.dispatchEvent(EventDispatchChainImpl.java:114)
	at javafx.base@21.0.9/com.sun.javafx.event.EventUtil.fireEventImpl(EventUtil.java:74)
	at javafx.base@21.0.9/com.sun.javafx.event.EventUtil.fireEvent(EventUtil.java:54)
	at javafx.base@21.0.9/javafx.event.Event.fireEvent(Event.java:198)
	at javafx.graphics@21.0.9/javafx.scene.Scene$MouseHandler.process(Scene.java:3984)
	at javafx.graphics@21.0.9/javafx.scene.Scene.processMouseEvent(Scene.java:1890)
	at javafx.graphics@21.0.9/javafx.scene.Scene$ScenePeerListener.mouseEvent(Scene.java:2708)
	at javafx.graphics@21.0.9/com.sun.javafx.tk.quantum.GlassViewEventHandler$MouseEventNotification.run(GlassViewEventHandler.java:411)
	at javafx.graphics@21.0.9/com.sun.javafx.tk.quantum.GlassViewEventHandler$MouseEventNotification.run(GlassViewEventHandler.java:301)
	at java.base/java.security.AccessController.doPrivileged(AccessController.java:400)
	at javafx.graphics@21.0.9/com.sun.javafx.tk.quantum.GlassViewEventHandler.lambda$handleMouseEvent$2(GlassViewEventHandler.java:450)
	at javafx.graphics@21.0.9/com.sun.javafx.tk.quantum.QuantumToolkit.runWithoutRenderLock(QuantumToolkit.java:424)
	at javafx.graphics@21.0.9/com.sun.javafx.tk.quantum.GlassViewEventHandler.handleMouseEvent(GlassViewEventHandler.java:449)
	at javafx.graphics@21.0.9/com.sun.glass.ui.View.handleMouseEvent(View.java:551)
	at javafx.graphics@21.0.9/com.sun.glass.ui.View.notifyMouse(View.java:937)
	at javafx.graphics@21.0.9/com.sun.glass.ui.win.WinApplication._runLoop(Native Method)
	at javafx.graphics@21.0.9/com.sun.glass.ui.win.WinApplication.lambda$runLoop$3(WinApplication.java:185)
	at java.base/java.lang.Thread.run(Thread.java:1583)
2025-11-05 17:33 [JavaFX Application Thread] LineaDAO DEBUG - Statement de schema cerrado
2025-11-05 17:33 [JavaFX Application Thread] ParadaDAO INFO - Paradas cargadas
2025-11-05 17:33 [JavaFX Application Thread] LineaDAO INFO - Lineas cargadas
2025-11-05 17:33 [JavaFX Application Thread] ParadaDAO INFO - Paradas cargadas
2025-11-05 17:33 [JavaFX Application Thread] TramoDAO DEBUG - Schema elegido
2025-11-05 17:33 [JavaFX Application Thread] TramoDAO DEBUG - Consulta realizada para tramos
2025-11-05 17:33 [JavaFX Application Thread] TramoDAO DEBUG - ResultSet de tramos cerrado
2025-11-05 17:33 [JavaFX Application Thread] TramoDAO DEBUG - PreparedStatement de tramos cerrado
2025-11-05 17:33 [JavaFX Application Thread] TramoDAO DEBUG - Statement de tramos cerrado
2025-11-05 17:33 [JavaFX Application Thread] TramoDAO INFO - Tramos cargados
2025-11-05 17:34 [Thread-4] Logica DEBUG - Recorridos calculados
2025-11-05 17:34 [Thread-5] Logica DEBUG - Recorridos calculados
2025-11-05 17:34 [Thread-6] Logica DEBUG - Recorridos calculados
2025-11-05 17:34 [Thread-7] Logica DEBUG - Recorridos calculados
2025-11-05 17:34 [Thread-3] BDConexion INFO - Conexion a la base de datos cerrada
2025-11-05 17:47 [JavaFX Application Thread] BDConexion INFO - Conexion establecida a jdbc:postgresql://pgs.fi.mdn.unp.edu.ar:30000/bd1 (user=estudiante)
2025-11-05 17:47 [JavaFX Application Thread] ParadaDAO DEBUG - Schema elegido
2025-11-05 17:47 [JavaFX Application Thread] ParadaDAO DEBUG - Consulta realizada para paradas
2025-11-05 17:47 [JavaFX Application Thread] ParadaDAO DEBUG - ResultSet de paradas cerrado
2025-11-05 17:47 [JavaFX Application Thread] ParadaDAO DEBUG - PreparedStatement de paradas cerrado
2025-11-05 17:47 [JavaFX Application Thread] ParadaDAO DEBUG - Statement de schema cerrado
2025-11-05 17:47 [JavaFX Application Thread] ParadaDAO INFO - Paradas cargadas
2025-11-05 17:47 [JavaFX Application Thread] ParadaDAO INFO - Paradas cargadas
2025-11-05 17:47 [JavaFX Application Thread] LineaDAO DEBUG - Schema elegido
2025-11-05 17:47 [JavaFX Application Thread] LineaDAO DEBUG - Consulta realizada para frecuencias de cada linea
2025-11-05 17:47 [JavaFX Application Thread] LineaDAO INFO - Frecuencias de las lineas cargadas
2025-11-05 17:47 [JavaFX Application Thread] LineaDAO DEBUG - Consulta realizada para secuencia de cada linea
2025-11-05 17:47 [JavaFX Application Thread] LineaDAO INFO - Secuencias de cada linea cargadas
2025-11-05 17:47 [JavaFX Application Thread] LineaDAO DEBUG - Consulta realizada para lineas
2025-11-05 17:47 [JavaFX Application Thread] LineaDAO DEBUG - ResultSet de lineas cerrado
2025-11-05 17:47 [JavaFX Application Thread] LineaDAO DEBUG - PreparedStatement de lineas cerrado
2025-11-05 17:47 [JavaFX Application Thread] LineaDAO DEBUG - Statement de schema cerrado
2025-11-05 17:47 [JavaFX Application Thread] LineaDAO INFO - Lineas cargadas
2025-11-05 17:47 [JavaFX Application Thread] ParadaDAO INFO - Paradas cargadas
2025-11-05 17:47 [JavaFX Application Thread] TramoDAO DEBUG - Schema elegido
2025-11-05 17:47 [JavaFX Application Thread] TramoDAO DEBUG - Consulta realizada para tramos
2025-11-05 17:47 [JavaFX Application Thread] TramoDAO DEBUG - ResultSet de tramos cerrado
2025-11-05 17:47 [JavaFX Application Thread] TramoDAO DEBUG - PreparedStatement de tramos cerrado
2025-11-05 17:47 [JavaFX Application Thread] TramoDAO DEBUG - Statement de tramos cerrado
2025-11-05 17:47 [JavaFX Application Thread] TramoDAO INFO - Tramos cargados
2025-11-05 17:48 [JavaFX Application Thread] ParadaDAO DEBUG - Schema elegido
2025-11-05 17:48 [JavaFX Application Thread] ParadaDAO DEBUG - Consulta realizada para paradas
2025-11-05 17:48 [JavaFX Application Thread] ParadaDAO DEBUG - ResultSet de paradas cerrado
2025-11-05 17:48 [JavaFX Application Thread] ParadaDAO DEBUG - PreparedStatement de paradas cerrado
2025-11-05 17:48 [JavaFX Application Thread] ParadaDAO DEBUG - Statement de schema cerrado
2025-11-05 17:48 [JavaFX Application Thread] ParadaDAO INFO - Paradas cargadas
2025-11-05 17:48 [JavaFX Application Thread] ParadaDAO INFO - Paradas cargadas
2025-11-05 17:48 [JavaFX Application Thread] LineaDAO DEBUG - Schema elegido
2025-11-05 17:48 [JavaFX Application Thread] LineaDAO DEBUG - Consulta realizada para frecuencias de cada linea
2025-11-05 17:48 [JavaFX Application Thread] LineaDAO INFO - Frecuencias de las lineas cargadas
2025-11-05 17:48 [JavaFX Application Thread] LineaDAO DEBUG - Consulta realizada para secuencia de cada linea
2025-11-05 17:48 [JavaFX Application Thread] LineaDAO INFO - Secuencias de cada linea cargadas
2025-11-05 17:48 [JavaFX Application Thread] LineaDAO DEBUG - Consulta realizada para lineas
2025-11-05 17:48 [JavaFX Application Thread] LineaDAO DEBUG - ResultSet de lineas cerrado
2025-11-05 17:48 [JavaFX Application Thread] LineaDAO DEBUG - PreparedStatement de lineas cerrado
2025-11-05 17:48 [JavaFX Application Thread] LineaDAO DEBUG - Statement de schema cerrado
2025-11-05 17:48 [JavaFX Application Thread] LineaDAO INFO - Lineas cargadas
2025-11-05 17:48 [JavaFX Application Thread] ParadaDAO INFO - Paradas cargadas
2025-11-05 17:48 [JavaFX Application Thread] TramoDAO DEBUG - Schema elegido
2025-11-05 17:48 [JavaFX Application Thread] TramoDAO DEBUG - Consulta realizada para tramos
2025-11-05 17:48 [JavaFX Application Thread] TramoDAO DEBUG - ResultSet de tramos cerrado
2025-11-05 17:48 [JavaFX Application Thread] TramoDAO DEBUG - PreparedStatement de tramos cerrado
2025-11-05 17:48 [JavaFX Application Thread] TramoDAO DEBUG - Statement de tramos cerrado
2025-11-05 17:48 [JavaFX Application Thread] TramoDAO INFO - Tramos cargados
2025-11-05 17:48 [Thread-4] Logica DEBUG - Recorridos calculados
2025-11-05 17:49 [Thread-3] BDConexion INFO - Conexion a la base de datos cerrada
2025-11-05 18:32 [JavaFX Application Thread] BDConexion INFO - Conexion establecida a jdbc:postgresql://pgs.fi.mdn.unp.edu.ar:30000/bd1 (user=estudiante)
2025-11-05 18:32 [JavaFX Application Thread] ParadaDAO DEBUG - Schema elegido
2025-11-05 18:32 [JavaFX Application Thread] ParadaDAO DEBUG - Consulta realizada para paradas
2025-11-05 18:32 [JavaFX Application Thread] ParadaDAO DEBUG - ResultSet de paradas cerrado
2025-11-05 18:32 [JavaFX Application Thread] ParadaDAO DEBUG - PreparedStatement de paradas cerrado
2025-11-05 18:32 [JavaFX Application Thread] ParadaDAO DEBUG - Statement de schema cerrado
2025-11-05 18:32 [JavaFX Application Thread] ParadaDAO INFO - Paradas cargadas
2025-11-05 18:32 [JavaFX Application Thread] ParadaDAO INFO - Paradas cargadas
2025-11-05 18:32 [JavaFX Application Thread] LineaDAO DEBUG - Schema elegido
2025-11-05 18:32 [JavaFX Application Thread] LineaDAO DEBUG - Consulta realizada para frecuencias de cada linea
2025-11-05 18:32 [JavaFX Application Thread] LineaDAO INFO - Frecuencias de las lineas cargadas
2025-11-05 18:32 [JavaFX Application Thread] LineaDAO DEBUG - Consulta realizada para secuencia de cada linea
2025-11-05 18:32 [JavaFX Application Thread] LineaDAO INFO - Secuencias de cada linea cargadas
2025-11-05 18:32 [JavaFX Application Thread] LineaDAO DEBUG - Consulta realizada para lineas
2025-11-05 18:32 [JavaFX Application Thread] LineaDAO DEBUG - ResultSet de lineas cerrado
2025-11-05 18:32 [JavaFX Application Thread] LineaDAO DEBUG - PreparedStatement de lineas cerrado
2025-11-05 18:32 [JavaFX Application Thread] LineaDAO DEBUG - Statement de schema cerrado
2025-11-05 18:32 [JavaFX Application Thread] LineaDAO INFO - Lineas cargadas
2025-11-05 18:32 [JavaFX Application Thread] ParadaDAO INFO - Paradas cargadas
2025-11-05 18:32 [JavaFX Application Thread] TramoDAO DEBUG - Schema elegido
2025-11-05 18:32 [JavaFX Application Thread] TramoDAO DEBUG - Consulta realizada para tramos
2025-11-05 18:32 [JavaFX Application Thread] TramoDAO DEBUG - ResultSet de tramos cerrado
2025-11-05 18:32 [JavaFX Application Thread] TramoDAO DEBUG - PreparedStatement de tramos cerrado
2025-11-05 18:32 [JavaFX Application Thread] TramoDAO DEBUG - Statement de tramos cerrado
2025-11-05 18:32 [JavaFX Application Thread] TramoDAO INFO - Tramos cargados
2025-11-05 18:33 [Thread-4] Logica DEBUG - Recorridos calculados
2025-11-05 18:38 [Thread-3] BDConexion INFO - Conexion a la base de datos cerrada
2025-11-05 18:39 [JavaFX Application Thread] BDConexion INFO - Conexion establecida a jdbc:postgresql://pgs.fi.mdn.unp.edu.ar:30000/bd1 (user=estudiante)
2025-11-05 18:39 [JavaFX Application Thread] ParadaDAO DEBUG - Schema elegido
2025-11-05 18:39 [JavaFX Application Thread] ParadaDAO DEBUG - Consulta realizada para paradas
2025-11-05 18:39 [JavaFX Application Thread] ParadaDAO DEBUG - ResultSet de paradas cerrado
2025-11-05 18:39 [JavaFX Application Thread] ParadaDAO DEBUG - PreparedStatement de paradas cerrado
2025-11-05 18:39 [JavaFX Application Thread] ParadaDAO DEBUG - Statement de schema cerrado
2025-11-05 18:39 [JavaFX Application Thread] ParadaDAO INFO - Paradas cargadas
2025-11-05 18:39 [JavaFX Application Thread] ParadaDAO INFO - Paradas cargadas
2025-11-05 18:39 [JavaFX Application Thread] LineaDAO DEBUG - Schema elegido
2025-11-05 18:39 [JavaFX Application Thread] LineaDAO DEBUG - Consulta realizada para frecuencias de cada linea
2025-11-05 18:39 [JavaFX Application Thread] LineaDAO INFO - Frecuencias de las lineas cargadas
2025-11-05 18:39 [JavaFX Application Thread] LineaDAO DEBUG - Consulta realizada para secuencia de cada linea
2025-11-05 18:39 [JavaFX Application Thread] LineaDAO INFO - Secuencias de cada linea cargadas
2025-11-05 18:39 [JavaFX Application Thread] LineaDAO DEBUG - Consulta realizada para lineas
2025-11-05 18:39 [JavaFX Application Thread] LineaDAO DEBUG - ResultSet de lineas cerrado
2025-11-05 18:39 [JavaFX Application Thread] LineaDAO DEBUG - PreparedStatement de lineas cerrado
2025-11-05 18:39 [JavaFX Application Thread] LineaDAO DEBUG - Statement de schema cerrado
2025-11-05 18:39 [JavaFX Application Thread] LineaDAO INFO - Lineas cargadas
2025-11-05 18:39 [JavaFX Application Thread] ParadaDAO INFO - Paradas cargadas
2025-11-05 18:39 [JavaFX Application Thread] TramoDAO DEBUG - Schema elegido
2025-11-05 18:39 [JavaFX Application Thread] TramoDAO DEBUG - Consulta realizada para tramos
2025-11-05 18:39 [JavaFX Application Thread] TramoDAO DEBUG - ResultSet de tramos cerrado
2025-11-05 18:39 [JavaFX Application Thread] TramoDAO DEBUG - PreparedStatement de tramos cerrado
2025-11-05 18:39 [JavaFX Application Thread] TramoDAO DEBUG - Statement de tramos cerrado
2025-11-05 18:39 [JavaFX Application Thread] TramoDAO INFO - Tramos cargados
2025-11-05 18:39 [JavaFX Application Thread] ParadaDAO DEBUG - Schema elegido
2025-11-05 18:39 [JavaFX Application Thread] ParadaDAO DEBUG - Consulta realizada para paradas
2025-11-05 18:39 [JavaFX Application Thread] ParadaDAO DEBUG - ResultSet de paradas cerrado
2025-11-05 18:39 [JavaFX Application Thread] ParadaDAO DEBUG - PreparedStatement de paradas cerrado
2025-11-05 18:39 [JavaFX Application Thread] ParadaDAO DEBUG - Statement de schema cerrado
2025-11-05 18:39 [JavaFX Application Thread] ParadaDAO INFO - Paradas cargadas
2025-11-05 18:39 [JavaFX Application Thread] ParadaDAO INFO - Paradas cargadas
2025-11-05 18:39 [JavaFX Application Thread] LineaDAO DEBUG - Schema elegido
2025-11-05 18:39 [JavaFX Application Thread] LineaDAO DEBUG - Consulta realizada para frecuencias de cada linea
2025-11-05 18:39 [JavaFX Application Thread] LineaDAO INFO - Frecuencias de las lineas cargadas
2025-11-05 18:39 [JavaFX Application Thread] LineaDAO DEBUG - Consulta realizada para secuencia de cada linea
2025-11-05 18:39 [JavaFX Application Thread] LineaDAO INFO - Secuencias de cada linea cargadas
2025-11-05 18:39 [JavaFX Application Thread] LineaDAO DEBUG - Consulta realizada para lineas
2025-11-05 18:39 [JavaFX Application Thread] LineaDAO DEBUG - ResultSet de lineas cerrado
2025-11-05 18:39 [JavaFX Application Thread] LineaDAO DEBUG - PreparedStatement de lineas cerrado
2025-11-05 18:39 [JavaFX Application Thread] LineaDAO DEBUG - Statement de schema cerrado
2025-11-05 18:39 [JavaFX Application Thread] LineaDAO INFO - Lineas cargadas
2025-11-05 18:39 [JavaFX Application Thread] ParadaDAO INFO - Paradas cargadas
2025-11-05 18:39 [JavaFX Application Thread] TramoDAO DEBUG - Schema elegido
2025-11-05 18:39 [JavaFX Application Thread] TramoDAO DEBUG - Consulta realizada para tramos
2025-11-05 18:39 [JavaFX Application Thread] TramoDAO DEBUG - ResultSet de tramos cerrado
2025-11-05 18:39 [JavaFX Application Thread] TramoDAO DEBUG - PreparedStatement de tramos cerrado
2025-11-05 18:39 [JavaFX Application Thread] TramoDAO DEBUG - Statement de tramos cerrado
2025-11-05 18:39 [JavaFX Application Thread] TramoDAO INFO - Tramos cargados
2025-11-05 18:40 [Thread-4] Logica DEBUG - Recorridos calculados
2025-11-05 19:07 [Thread-3] BDConexion INFO - Conexion a la base de datos cerrada
2025-11-05 19:27 [JavaFX Application Thread] BDConexion INFO - Conexion establecida a jdbc:postgresql://pgs.fi.mdn.unp.edu.ar:30000/bd1 (user=estudiante)
2025-11-05 19:27 [JavaFX Application Thread] ParadaDAO DEBUG - Schema elegido
2025-11-05 19:27 [JavaFX Application Thread] ParadaDAO DEBUG - Consulta realizada para paradas
2025-11-05 19:27 [JavaFX Application Thread] ParadaDAO DEBUG - ResultSet de paradas cerrado
2025-11-05 19:27 [JavaFX Application Thread] ParadaDAO DEBUG - PreparedStatement de paradas cerrado
2025-11-05 19:27 [JavaFX Application Thread] ParadaDAO DEBUG - Statement de schema cerrado
2025-11-05 19:27 [JavaFX Application Thread] ParadaDAO INFO - Paradas cargadas
2025-11-05 19:27 [JavaFX Application Thread] ParadaDAO INFO - Paradas cargadas
2025-11-05 19:27 [JavaFX Application Thread] LineaDAO DEBUG - Schema elegido
2025-11-05 19:27 [JavaFX Application Thread] LineaDAO DEBUG - Consulta realizada para frecuencias de cada linea
2025-11-05 19:27 [JavaFX Application Thread] LineaDAO INFO - Frecuencias de las lineas cargadas
2025-11-05 19:27 [JavaFX Application Thread] LineaDAO DEBUG - Consulta realizada para secuencia de cada linea
2025-11-05 19:27 [JavaFX Application Thread] LineaDAO INFO - Secuencias de cada linea cargadas
2025-11-05 19:27 [JavaFX Application Thread] LineaDAO DEBUG - Consulta realizada para lineas
2025-11-05 19:27 [JavaFX Application Thread] LineaDAO DEBUG - ResultSet de lineas cerrado
2025-11-05 19:27 [JavaFX Application Thread] LineaDAO DEBUG - PreparedStatement de lineas cerrado
2025-11-05 19:27 [JavaFX Application Thread] LineaDAO DEBUG - Statement de schema cerrado
2025-11-05 19:27 [JavaFX Application Thread] LineaDAO INFO - Lineas cargadas
2025-11-05 19:27 [JavaFX Application Thread] ParadaDAO INFO - Paradas cargadas
2025-11-05 19:27 [JavaFX Application Thread] TramoDAO DEBUG - Schema elegido
2025-11-05 19:27 [JavaFX Application Thread] TramoDAO DEBUG - Consulta realizada para tramos
2025-11-05 19:27 [JavaFX Application Thread] TramoDAO DEBUG - ResultSet de tramos cerrado
2025-11-05 19:27 [JavaFX Application Thread] TramoDAO DEBUG - PreparedStatement de tramos cerrado
2025-11-05 19:27 [JavaFX Application Thread] TramoDAO DEBUG - Statement de tramos cerrado
2025-11-05 19:27 [JavaFX Application Thread] TramoDAO INFO - Tramos cargados
2025-11-05 19:29 [Thread-4] Logica DEBUG - Recorridos calculados
2025-11-05 19:30 [Thread-3] BDConexion INFO - Conexion a la base de datos cerrada
2025-11-05 19:31 [JavaFX Application Thread] BDConexion INFO - Conexion establecida a jdbc:postgresql://pgs.fi.mdn.unp.edu.ar:30000/bd1 (user=estudiante)
2025-11-05 19:31 [JavaFX Application Thread] ParadaDAO DEBUG - Schema elegido
2025-11-05 19:31 [JavaFX Application Thread] ParadaDAO DEBUG - Consulta realizada para paradas
2025-11-05 19:31 [JavaFX Application Thread] ParadaDAO DEBUG - ResultSet de paradas cerrado
2025-11-05 19:31 [JavaFX Application Thread] ParadaDAO DEBUG - PreparedStatement de paradas cerrado
2025-11-05 19:31 [JavaFX Application Thread] ParadaDAO DEBUG - Statement de schema cerrado
2025-11-05 19:31 [JavaFX Application Thread] ParadaDAO INFO - Paradas cargadas
2025-11-05 19:31 [JavaFX Application Thread] ParadaDAO INFO - Paradas cargadas
2025-11-05 19:31 [JavaFX Application Thread] LineaDAO DEBUG - Schema elegido
2025-11-05 19:31 [JavaFX Application Thread] LineaDAO DEBUG - Consulta realizada para frecuencias de cada linea
2025-11-05 19:31 [JavaFX Application Thread] LineaDAO INFO - Frecuencias de las lineas cargadas
2025-11-05 19:31 [JavaFX Application Thread] LineaDAO DEBUG - Consulta realizada para secuencia de cada linea
2025-11-05 19:31 [JavaFX Application Thread] LineaDAO INFO - Secuencias de cada linea cargadas
2025-11-05 19:31 [JavaFX Application Thread] LineaDAO DEBUG - Consulta realizada para lineas
2025-11-05 19:31 [JavaFX Application Thread] LineaDAO DEBUG - ResultSet de lineas cerrado
2025-11-05 19:31 [JavaFX Application Thread] LineaDAO DEBUG - PreparedStatement de lineas cerrado
2025-11-05 19:31 [JavaFX Application Thread] LineaDAO DEBUG - Statement de schema cerrado
2025-11-05 19:31 [JavaFX Application Thread] LineaDAO INFO - Lineas cargadas
2025-11-05 19:31 [JavaFX Application Thread] ParadaDAO INFO - Paradas cargadas
2025-11-05 19:31 [JavaFX Application Thread] TramoDAO DEBUG - Schema elegido
2025-11-05 19:31 [JavaFX Application Thread] TramoDAO DEBUG - Consulta realizada para tramos
2025-11-05 19:31 [JavaFX Application Thread] TramoDAO DEBUG - ResultSet de tramos cerrado
2025-11-05 19:31 [JavaFX Application Thread] TramoDAO DEBUG - PreparedStatement de tramos cerrado
2025-11-05 19:31 [JavaFX Application Thread] TramoDAO DEBUG - Statement de tramos cerrado
2025-11-05 19:31 [JavaFX Application Thread] TramoDAO INFO - Tramos cargados
2025-11-05 19:32 [Thread-4] Logica DEBUG - Recorridos calculados
2025-11-05 19:33 [Thread-5] Logica DEBUG - Recorridos calculados
2025-11-05 19:33 [Thread-3] BDConexion INFO - Conexion a la base de datos cerrada
2025-11-05 19:34 [JavaFX Application Thread] BDConexion INFO - Conexion establecida a jdbc:postgresql://pgs.fi.mdn.unp.edu.ar:30000/bd1 (user=estudiante)
2025-11-05 19:34 [JavaFX Application Thread] ParadaDAO DEBUG - Schema elegido
2025-11-05 19:34 [JavaFX Application Thread] ParadaDAO DEBUG - Consulta realizada para paradas
2025-11-05 19:34 [JavaFX Application Thread] ParadaDAO DEBUG - ResultSet de paradas cerrado
2025-11-05 19:34 [JavaFX Application Thread] ParadaDAO DEBUG - PreparedStatement de paradas cerrado
2025-11-05 19:34 [JavaFX Application Thread] ParadaDAO DEBUG - Statement de schema cerrado
2025-11-05 19:34 [JavaFX Application Thread] ParadaDAO INFO - Paradas cargadas
2025-11-05 19:34 [JavaFX Application Thread] ParadaDAO INFO - Paradas cargadas
2025-11-05 19:34 [JavaFX Application Thread] LineaDAO DEBUG - Schema elegido
2025-11-05 19:34 [JavaFX Application Thread] LineaDAO DEBUG - Consulta realizada para frecuencias de cada linea
2025-11-05 19:34 [JavaFX Application Thread] LineaDAO INFO - Frecuencias de las lineas cargadas
2025-11-05 19:34 [JavaFX Application Thread] LineaDAO DEBUG - Consulta realizada para secuencia de cada linea
2025-11-05 19:34 [JavaFX Application Thread] LineaDAO INFO - Secuencias de cada linea cargadas
2025-11-05 19:34 [JavaFX Application Thread] LineaDAO DEBUG - Consulta realizada para lineas
2025-11-05 19:34 [JavaFX Application Thread] LineaDAO DEBUG - ResultSet de lineas cerrado
2025-11-05 19:34 [JavaFX Application Thread] LineaDAO DEBUG - PreparedStatement de lineas cerrado
2025-11-05 19:34 [JavaFX Application Thread] LineaDAO DEBUG - Statement de schema cerrado
2025-11-05 19:34 [JavaFX Application Thread] LineaDAO INFO - Lineas cargadas
2025-11-05 19:34 [JavaFX Application Thread] ParadaDAO INFO - Paradas cargadas
2025-11-05 19:34 [JavaFX Application Thread] TramoDAO DEBUG - Schema elegido
2025-11-05 19:34 [JavaFX Application Thread] TramoDAO DEBUG - Consulta realizada para tramos
2025-11-05 19:34 [JavaFX Application Thread] TramoDAO DEBUG - ResultSet de tramos cerrado
2025-11-05 19:34 [JavaFX Application Thread] TramoDAO DEBUG - PreparedStatement de tramos cerrado
2025-11-05 19:34 [JavaFX Application Thread] TramoDAO DEBUG - Statement de tramos cerrado
2025-11-05 19:34 [JavaFX Application Thread] TramoDAO INFO - Tramos cargados
2025-11-05 19:34 [Thread-4] Logica DEBUG - Recorridos calculados
2025-11-05 19:37 [Thread-5] Logica DEBUG - Recorridos calculados
2025-11-05 19:37 [Thread-6] Logica DEBUG - Recorridos calculados
2025-11-05 19:38 [Thread-7] Logica DEBUG - Recorridos calculados
